<?xml version="1.0" encoding="UTF-8"?>
<!-- Generated by org.testng.reporters.JUnitReportReporter -->
<testsuite hostname="LAPTOP-C34I4R69" failures="0" tests="1" name="com.salesforceTestCase.SalesforceAutomation" time="17.804" errors="0" timestamp="2023-03-04T17:13:14 PST" skipped="0">
  <testcase classname="com.salesforceTestCase.SalesforceAutomation" name="testcase_5" time="17.804"/>
  <system-out/>
</testsuite> <!-- com.salesforceTestCase.SalesforceAutomation -->
